  Camera.cpp
  main.cpp
C:\Users\vlad\Desktop\Luci\Anul 3\PG\PG - Project Bagut Lucian\PG - Project Bagut Lucian\main.cpp(166,12): warning C4244: '=': conversion from 'double' to 'float', possible loss of data
C:\Users\vlad\Desktop\Luci\Anul 3\PG\PG - Project Bagut Lucian\PG - Project Bagut Lucian\main.cpp(167,12): warning C4244: '=': conversion from 'double' to 'float', possible loss of data
C:\Users\vlad\Desktop\Luci\Anul 3\PG\PG - Project Bagut Lucian\PG - Project Bagut Lucian\main.cpp(171,17): warning C4244: 'initializing': conversion from 'double' to 'float', possible loss of data
C:\Users\vlad\Desktop\Luci\Anul 3\PG\PG - Project Bagut Lucian\PG - Project Bagut Lucian\main.cpp(172,17): warning C4244: 'initializing': conversion from 'double' to 'float', possible loss of data
C:\Users\vlad\Desktop\Luci\Anul 3\PG\PG - Project Bagut Lucian\PG - Project Bagut Lucian\main.cpp(173,11): warning C4244: '=': conversion from 'double' to 'float', possible loss of data
C:\Users\vlad\Desktop\Luci\Anul 3\PG\PG - Project Bagut Lucian\PG - Project Bagut Lucian\main.cpp(174,11): warning C4244: '=': conversion from 'double' to 'float', possible loss of data
C:\Users\vlad\Desktop\Luci\Anul 3\PG\PG - Project Bagut Lucian\PG - Project Bagut Lucian\main.cpp(702,103): warning C4244: 'argument': conversion from 'float' to 'GLsizei', possible loss of data
C:\Users\vlad\Desktop\Luci\Anul 3\PG\PG - Project Bagut Lucian\PG - Project Bagut Lucian\main.cpp(702,57): warning C4244: 'argument': conversion from 'float' to 'GLsizei', possible loss of data
C:\Users\vlad\Desktop\Luci\Anul 3\PG\PG - Project Bagut Lucian\PG - Project Bagut Lucian\main.cpp(722,102): warning C4244: 'argument': conversion from 'float' to 'GLsizei', possible loss of data
C:\Users\vlad\Desktop\Luci\Anul 3\PG\PG - Project Bagut Lucian\PG - Project Bagut Lucian\main.cpp(722,57): warning C4244: 'argument': conversion from 'float' to 'GLsizei', possible loss of data
  Mesh.cpp
C:\Users\vlad\Desktop\Luci\Anul 3\PG\PG - Project Bagut Lucian\PG - Project Bagut Lucian\Mesh.cpp(32,50): warning C4267: 'argument': conversion from 'size_t' to 'GLsizei', possible loss of data
  Model3D.cpp
C:\Users\vlad\Desktop\Luci\Anul 3\PG\PG - Project Bagut Lucian\PG - Project Bagut Lucian\Model3D.cpp(89,37): warning C4267: 'argument': conversion from 'size_t' to '_Ty', possible loss of data
C:\Users\vlad\Desktop\Luci\Anul 3\PG\PG - Project Bagut Lucian\PG - Project Bagut Lucian\Model3D.cpp(89,37): warning C4267:         with
C:\Users\vlad\Desktop\Luci\Anul 3\PG\PG - Project Bagut Lucian\PG - Project Bagut Lucian\Model3D.cpp(89,37): warning C4267:         [
C:\Users\vlad\Desktop\Luci\Anul 3\PG\PG - Project Bagut Lucian\PG - Project Bagut Lucian\Model3D.cpp(89,37): warning C4267:             _Ty=GLuint
C:\Users\vlad\Desktop\Luci\Anul 3\PG\PG - Project Bagut Lucian\PG - Project Bagut Lucian\Model3D.cpp(89,37): warning C4267:         ]
C:\Users\vlad\Desktop\Luci\Anul 3\PG\PG - Project Bagut Lucian\PG - Project Bagut Lucian\Model3D.cpp(97,10): warning C4267: 'initializing': conversion from 'size_t' to 'int', possible loss of data
  Shader.cpp
  SkyBox.cpp
  stb_image.cpp
  tiny_obj_loader.cpp
  Window.cpp
  Generating Code...
glfw3.lib(input.obj) : warning LNK4099: PDB '' was not found with 'glfw3.lib(input.obj)' or at ''; linking object as if no debug info
glfw3.lib(window.obj) : warning LNK4099: PDB '' was not found with 'glfw3.lib(window.obj)' or at ''; linking object as if no debug info
glfw3.lib(context.obj) : warning LNK4099: PDB '' was not found with 'glfw3.lib(context.obj)' or at ''; linking object as if no debug info
glfw3.lib(init.obj) : warning LNK4099: PDB '' was not found with 'glfw3.lib(init.obj)' or at ''; linking object as if no debug info
glfw3.lib(win32_time.obj) : warning LNK4099: PDB '' was not found with 'glfw3.lib(win32_time.obj)' or at ''; linking object as if no debug info
glfw3.lib(win32_thread.obj) : warning LNK4099: PDB '' was not found with 'glfw3.lib(win32_thread.obj)' or at ''; linking object as if no debug info
glfw3.lib(platform.obj) : warning LNK4099: PDB '' was not found with 'glfw3.lib(platform.obj)' or at ''; linking object as if no debug info
glfw3.lib(monitor.obj) : warning LNK4099: PDB '' was not found with 'glfw3.lib(monitor.obj)' or at ''; linking object as if no debug info
glfw3.lib(vulkan.obj) : warning LNK4099: PDB '' was not found with 'glfw3.lib(vulkan.obj)' or at ''; linking object as if no debug info
glfw3.lib(win32_init.obj) : warning LNK4099: PDB '' was not found with 'glfw3.lib(win32_init.obj)' or at ''; linking object as if no debug info
glfw3.lib(null_init.obj) : warning LNK4099: PDB '' was not found with 'glfw3.lib(null_init.obj)' or at ''; linking object as if no debug info
glfw3.lib(win32_module.obj) : warning LNK4099: PDB '' was not found with 'glfw3.lib(win32_module.obj)' or at ''; linking object as if no debug info
glfw3.lib(win32_monitor.obj) : warning LNK4099: PDB '' was not found with 'glfw3.lib(win32_monitor.obj)' or at ''; linking object as if no debug info
glfw3.lib(win32_window.obj) : warning LNK4099: PDB '' was not found with 'glfw3.lib(win32_window.obj)' or at ''; linking object as if no debug info
glfw3.lib(win32_joystick.obj) : warning LNK4099: PDB '' was not found with 'glfw3.lib(win32_joystick.obj)' or at ''; linking object as if no debug info
glfw3.lib(wgl_context.obj) : warning LNK4099: PDB '' was not found with 'glfw3.lib(wgl_context.obj)' or at ''; linking object as if no debug info
glfw3.lib(egl_context.obj) : warning LNK4099: PDB '' was not found with 'glfw3.lib(egl_context.obj)' or at ''; linking object as if no debug info
glfw3.lib(osmesa_context.obj) : warning LNK4099: PDB '' was not found with 'glfw3.lib(osmesa_context.obj)' or at ''; linking object as if no debug info
glfw3.lib(null_monitor.obj) : warning LNK4099: PDB '' was not found with 'glfw3.lib(null_monitor.obj)' or at ''; linking object as if no debug info
glfw3.lib(null_window.obj) : warning LNK4099: PDB '' was not found with 'glfw3.lib(null_window.obj)' or at ''; linking object as if no debug info
glfw3.lib(null_joystick.obj) : warning LNK4099: PDB '' was not found with 'glfw3.lib(null_joystick.obj)' or at ''; linking object as if no debug info
libglew32d.lib(glew.obj) : warning LNK4099: PDB '' was not found with 'libglew32d.lib(glew.obj)' or at ''; linking object as if no debug info
libglew32d.lib(glew.obj) : error LNK2005: glewInit already defined in glew32d.lib(glew32d.dll)
main.obj : error LNK2019: unresolved external symbol __imp_glBindTexture referenced in function "void __cdecl initFBO(void)" (?initFBO@@YAXXZ)
Mesh.obj : error LNK2001: unresolved external symbol __imp_glBindTexture
Model3D.obj : error LNK2001: unresolved external symbol __imp_glBindTexture
SkyBox.obj : error LNK2001: unresolved external symbol __imp_glBindTexture
main.obj : error LNK2019: unresolved external symbol __imp_glClear referenced in function "void __cdecl renderScene(void)" (?renderScene@@YAXXZ)
main.obj : error LNK2019: unresolved external symbol __imp_glClearColor referenced in function "void __cdecl initOpenGLState(void)" (?initOpenGLState@@YAXXZ)
main.obj : error LNK2019: unresolved external symbol __imp_glDepthFunc referenced in function "void __cdecl initOpenGLState(void)" (?initOpenGLState@@YAXXZ)
SkyBox.obj : error LNK2001: unresolved external symbol __imp_glDepthFunc
main.obj : error LNK2019: unresolved external symbol __imp_glDisable referenced in function "void __cdecl renderScene(void)" (?renderScene@@YAXXZ)
main.obj : error LNK2019: unresolved external symbol __imp_glDrawBuffer referenced in function "void __cdecl initFBO(void)" (?initFBO@@YAXXZ)
main.obj : error LNK2019: unresolved external symbol __imp_glEnable referenced in function "void __cdecl initOpenGLState(void)" (?initOpenGLState@@YAXXZ)
main.obj : error LNK2019: unresolved external symbol __imp_glFrontFace referenced in function "void __cdecl initOpenGLState(void)" (?initOpenGLState@@YAXXZ)
main.obj : error LNK2019: unresolved external symbol __imp_glGenTextures referenced in function "void __cdecl initFBO(void)" (?initFBO@@YAXXZ)
Model3D.obj : error LNK2001: unresolved external symbol __imp_glGenTextures
SkyBox.obj : error LNK2001: unresolved external symbol __imp_glGenTextures
main.obj : error LNK2019: unresolved external symbol __imp_glGetError referenced in function "unsigned int __cdecl glCheckError_(char const *,int)" (?glCheckError_@@YAIPEBDH@Z)
main.obj : error LNK2019: unresolved external symbol __imp_glPolygonMode referenced in function "void __cdecl processMovement(void)" (?processMovement@@YAXXZ)
main.obj : error LNK2019: unresolved external symbol __imp_glReadBuffer referenced in function "void __cdecl initFBO(void)" (?initFBO@@YAXXZ)
main.obj : error LNK2019: unresolved external symbol __imp_glTexImage2D referenced in function "void __cdecl initFBO(void)" (?initFBO@@YAXXZ)
Model3D.obj : error LNK2001: unresolved external symbol __imp_glTexImage2D
SkyBox.obj : error LNK2001: unresolved external symbol __imp_glTexImage2D
main.obj : error LNK2019: unresolved external symbol __imp_glTexParameterfv referenced in function "void __cdecl initFBO(void)" (?initFBO@@YAXXZ)
main.obj : error LNK2019: unresolved external symbol __imp_glTexParameteri referenced in function "void __cdecl initFBO(void)" (?initFBO@@YAXXZ)
Model3D.obj : error LNK2001: unresolved external symbol __imp_glTexParameteri
SkyBox.obj : error LNK2001: unresolved external symbol __imp_glTexParameteri
main.obj : error LNK2019: unresolved external symbol __imp_glViewport referenced in function "void __cdecl initOpenGLState(void)" (?initOpenGLState@@YAXXZ)
Mesh.obj : error LNK2019: unresolved external symbol __imp_glDrawElements referenced in function "public: void __cdecl gps::Mesh::Draw(class gps::Shader)" (?Draw@Mesh@gps@@QEAAXVShader@2@@Z)
Model3D.obj : error LNK2019: unresolved external symbol __imp_glDeleteTextures referenced in function "public: __cdecl gps::Model3D::~Model3D(void)" (??1Model3D@gps@@QEAA@XZ)
SkyBox.obj : error LNK2019: unresolved external symbol __imp_glDrawArrays referenced in function "public: void __cdecl gps::SkyBox::Draw(class gps::Shader,struct glm::mat<4,4,float,0>,struct glm::mat<4,4,float,0>)" (?Draw@SkyBox@gps@@QEAAXVShader@2@U?$mat@$03$03M$0A@@glm@@1@Z)
Window.obj : error LNK2019: unresolved external symbol __imp_glGetString referenced in function "public: void __cdecl gps::Window::Create(int,int,char const *)" (?Create@Window@gps@@QEAAXHHPEBD@Z)
libglew32d.lib(glew.obj) : error LNK2001: unresolved external symbol __imp_glGetString
libglew32d.lib(glew.obj) : error LNK2019: unresolved external symbol __imp_glGetIntegerv referenced in function glewContextInit
libglew32d.lib(glew.obj) : error LNK2019: unresolved external symbol __imp_wglGetCurrentDC referenced in function wglewInit
libglew32d.lib(glew.obj) : error LNK2019: unresolved external symbol __imp_wglGetProcAddress referenced in function wglewInit
C:\Users\vlad\Desktop\Luci\Anul 3\PG\PG - Project Bagut Lucian\PG - Project Bagut Lucian\x64\Debug\PG - Project Bagut Lucian.exe : fatal error LNK1120: 23 unresolved externals
